The system is: Linux - 4.4.0-19041-Microsoft - x86_64
Compiling the C compiler identification source file "CMakeCCompilerId.c" succeeded.
Compiler: /usr/bin/cc 
Build flags: 
Id flags:  

The output was:
0


Compilation of the C compiler identification source "CMakeCCompilerId.c" produced "a.out"

The C compiler identification is GNU, found in "/mnt/c/Users/hyunc/simonhelpme/build/CMakeFiles/3.16.3/CompilerIdC/a.out"

Compiling the CXX compiler identification source file "CMakeCXXCompilerId.cpp" succeeded.
Compiler: /usr/bin/c++ 
Build flags: 
Id flags:  

The output was:
0


Compilation of the CXX compiler identification source "CMakeCXXCompilerId.cpp" produced "a.out"

The CXX compiler identification is GNU, found in "/mnt/c/Users/hyunc/simonhelpme/build/CMakeFiles/3.16.3/CompilerIdCXX/a.out"

Determining if the C compiler works passed with the following output:
Change Dir: /mnt/c/Users/hyunc/simonhelpme/build/CMakeFiles/CMakeTmp

Run Build Command(s):/usr/bin/make cmTC_c963f/fast && /usr/bin/make -f CMakeFiles/cmTC_c963f.dir/build.make CMakeFiles/cmTC_c963f.dir/build
make[1]: Entering directory '/mnt/c/Users/hyunc/simonhelpme/build/CMakeFiles/CMakeTmp'
Building C object CMakeFiles/cmTC_c963f.dir/testCCompiler.c.o
/usr/bin/cc    -o CMakeFiles/cmTC_c963f.dir/testCCompiler.c.o   -c /mnt/c/Users/hyunc/simonhelpme/build/CMakeFiles/CMakeTmp/testCCompiler.c
Linking C executable cmTC_c963f
/usr/bin/cmake -E cmake_link_script CMakeFiles/cmTC_c963f.dir/link.txt --verbose=1
/usr/bin/cc      CMakeFiles/cmTC_c963f.dir/testCCompiler.c.o  -o cmTC_c963f 
make[1]: Leaving directory '/mnt/c/Users/hyunc/simonhelpme/build/CMakeFiles/CMakeTmp'



Detecting C compiler ABI info compiled with the following output:
Change Dir: /mnt/c/Users/hyunc/simonhelpme/build/CMakeFiles/CMakeTmp

Run Build Command(s):/usr/bin/make cmTC_73065/fast && /usr/bin/make -f CMakeFiles/cmTC_73065.dir/build.make CMakeFiles/cmTC_73065.dir/build
make[1]: Entering directory '/mnt/c/Users/hyunc/simonhelpme/build/CMakeFiles/CMakeTmp'
Building C object CMakeFiles/cmTC_73065.dir/CMakeCCompilerABI.c.o
/usr/bin/cc   -v -o CMakeFiles/cmTC_73065.dir/CMakeCCompilerABI.c.o   -c /usr/share/cmake-3.16/Modules/CMakeCCompilerABI.c
Using built-in specs.
COLLECT_GCC=/usr/bin/cc
OFFLOAD_TARGET_NAMES=nvptx-none:amdgcn-amdhsa
OFFLOAD_TARGET_DEFAULT=1
Target: x86_64-linux-gnu
Configured with: ../src/configure -v --with-pkgversion='Ubuntu 11.4.0-2ubuntu1~20.04' --with-bugurl=file:///usr/share/doc/gcc-11/README.Bugs --enable-languages=c,ada,c++,go,brig,d,fortran,objc,obj-c++,m2 --prefix=/usr --with-gcc-major-version-only --program-suffix=-11 --program-prefix=x86_64-linux-gnu- --enable-shared --enable-linker-build-id --libexecdir=/usr/lib --without-included-gettext --enable-threads=posix --libdir=/usr/lib --enable-nls --enable-bootstrap --enable-clocale=gnu --enable-libstdcxx-debug --enable-libstdcxx-time=yes --with-default-libstdcxx-abi=new --enable-gnu-unique-object --disable-vtable-verify --enable-plugin --enable-default-pie --with-system-zlib --enable-libphobos-checking=release --with-target-system-zlib=auto --enable-objc-gc=auto --enable-multiarch --disable-werror --enable-cet --with-arch-32=i686 --with-abi=m64 --with-multilib-list=m32,m64,mx32 --enable-multilib --with-tune=generic --enable-offload-targets=nvptx-none=/build/gcc-11-PfdVzN/gcc-11-11.4.0/debian/tmp-nvptx/usr,amdgcn-amdhsa=/build/gcc-11-PfdVzN/gcc-11-11.4.0/debian/tmp-gcn/usr --without-cuda-driver --enable-checking=release --build=x86_64-linux-gnu --host=x86_64-linux-gnu --target=x86_64-linux-gnu --with-build-config=bootstrap-lto-lean --enable-link-serialization=2
Thread model: posix
Supported LTO compression algorithms: zlib zstd
gcc version 11.4.0 (Ubuntu 11.4.0-2ubuntu1~20.04) 
COLLECT_GCC_OPTIONS='-v' '-o' 'CMakeFiles/cmTC_73065.dir/CMakeCCompilerABI.c.o' '-c' '-mtune=generic' '-march=x86-64' '-dumpdir' 'CMakeFiles/cmTC_73065.dir/'
 /usr/lib/gcc/x86_64-linux-gnu/11/cc1 -quiet -v -imultiarch x86_64-linux-gnu /usr/share/cmake-3.16/Modules/CMakeCCompilerABI.c -quiet -dumpdir CMakeFiles/cmTC_73065.dir/ -dumpbase CMakeCCompilerABI.c.c -dumpbase-ext .c -mtune=generic -march=x86-64 -version -fasynchronous-unwind-tables -fstack-protector-strong -Wformat -Wformat-security -fstack-clash-protection -fcf-protection -o /tmp/ccU9ba5z.s
GNU C17 (Ubuntu 11.4.0-2ubuntu1~20.04) version 11.4.0 (x86_64-linux-gnu)
	compiled by GNU C version 11.4.0, GMP version 6.2.0, MPFR version 4.0.2, MPC version 1.1.0, isl version isl-0.22.1-GMP

GGC heuristics: --param ggc-min-expand=100 --param ggc-min-heapsize=131072
ignoring nonexistent directory "/usr/local/include/x86_64-linux-gnu"
ignoring nonexistent directory "/usr/lib/gcc/x86_64-linux-gnu/11/include-fixed"
ignoring nonexistent directory "/usr/lib/gcc/x86_64-linux-gnu/11/../../../../x86_64-linux-gnu/include"
#include "..." search starts here:
#include <...> search starts here:
 /usr/lib/gcc/x86_64-linux-gnu/11/include
 /usr/local/include
 /usr/include/x86_64-linux-gnu
 /usr/include
End of search list.
GNU C17 (Ubuntu 11.4.0-2ubuntu1~20.04) version 11.4.0 (x86_64-linux-gnu)
	compiled by GNU C version 11.4.0, GMP version 6.2.0, MPFR version 4.0.2, MPC version 1.1.0, isl version isl-0.22.1-GMP

GGC heuristics: --param ggc-min-expand=100 --param ggc-min-heapsize=131072
Compiler executable checksum: 8f9b19b2e0f4e1bcfdcf0c0903bf4b52
COLLECT_GCC_OPTIONS='-v' '-o' 'CMakeFiles/cmTC_73065.dir/CMakeCCompilerABI.c.o' '-c' '-mtune=generic' '-march=x86-64' '-dumpdir' 'CMakeFiles/cmTC_73065.dir/'
 as -v --64 -o CMakeFiles/cmTC_73065.dir/CMakeCCompilerABI.c.o /tmp/ccU9ba5z.s
GNU assembler version 2.34 (x86_64-linux-gnu) using BFD version (GNU Binutils for Ubuntu) 2.34
COMPILER_PATH=/usr/lib/gcc/x86_64-linux-gnu/11/:/usr/lib/gcc/x86_64-linux-gnu/11/:/usr/lib/gcc/x86_64-linux-gnu/:/usr/lib/gcc/x86_64-linux-gnu/11/:/usr/lib/gcc/x86_64-linux-gnu/
LIBRARY_PATH=/usr/lib/gcc/x86_64-linux-gnu/11/:/usr/lib/gcc/x86_64-linux-gnu/11/../../../x86_64-linux-gnu/:/usr/lib/gcc/x86_64-linux-gnu/11/../../../../lib/:/lib/x86_64-linux-gnu/:/lib/../lib/:/usr/lib/x86_64-linux-gnu/:/usr/lib/../lib/:/usr/lib/gcc/x86_64-linux-gnu/11/../../../:/lib/:/usr/lib/
COLLECT_GCC_OPTIONS='-v' '-o' 'CMakeFiles/cmTC_73065.dir/CMakeCCompilerABI.c.o' '-c' '-mtune=generic' '-march=x86-64' '-dumpdir' 'CMakeFiles/cmTC_73065.dir/CMakeCCompilerABI.c.'
Linking C executable cmTC_73065
/usr/bin/cmake -E cmake_link_script CMakeFiles/cmTC_73065.dir/link.txt --verbose=1
/usr/bin/cc     -v CMakeFiles/cmTC_73065.dir/CMakeCCompilerABI.c.o  -o cmTC_73065 
Using built-in specs.
COLLECT_GCC=/usr/bin/cc
COLLECT_LTO_WRAPPER=/usr/lib/gcc/x86_64-linux-gnu/11/lto-wrapper
OFFLOAD_TARGET_NAMES=nvptx-none:amdgcn-amdhsa
OFFLOAD_TARGET_DEFAULT=1
Target: x86_64-linux-gnu
Configured with: ../src/configure -v --with-pkgversion='Ubuntu 11.4.0-2ubuntu1~20.04' --with-bugurl=file:///usr/share/doc/gcc-11/README.Bugs --enable-languages=c,ada,c++,go,brig,d,fortran,objc,obj-c++,m2 --prefix=/usr --with-gcc-major-version-only --program-suffix=-11 --program-prefix=x86_64-linux-gnu- --enable-shared --enable-linker-build-id --libexecdir=/usr/lib --without-included-gettext --enable-threads=posix --libdir=/usr/lib --enable-nls --enable-bootstrap --enable-clocale=gnu --enable-libstdcxx-debug --enable-libstdcxx-time=yes --with-default-libstdcxx-abi=new --enable-gnu-unique-object --disable-vtable-verify --enable-plugin --enable-default-pie --with-system-zlib --enable-libphobos-checking=release --with-target-system-zlib=auto --enable-objc-gc=auto --enable-multiarch --disable-werror --enable-cet --with-arch-32=i686 --with-abi=m64 --with-multilib-list=m32,m64,mx32 --enable-multilib --with-tune=generic --enable-offload-targets=nvptx-none=/build/gcc-11-PfdVzN/gcc-11-11.4.0/debian/tmp-nvptx/usr,amdgcn-amdhsa=/build/gcc-11-PfdVzN/gcc-11-11.4.0/debian/tmp-gcn/usr --without-cuda-driver --enable-checking=release --build=x86_64-linux-gnu --host=x86_64-linux-gnu --target=x86_64-linux-gnu --with-build-config=bootstrap-lto-lean --enable-link-serialization=2
Thread model: posix
Supported LTO compression algorithms: zlib zstd
gcc version 11.4.0 (Ubuntu 11.4.0-2ubuntu1~20.04) 
COMPILER_PATH=/usr/lib/gcc/x86_64-linux-gnu/11/:/usr/lib/gcc/x86_64-linux-gnu/11/:/usr/lib/gcc/x86_64-linux-gnu/:/usr/lib/gcc/x86_64-linux-gnu/11/:/usr/lib/gcc/x86_64-linux-gnu/
LIBRARY_PATH=/usr/lib/gcc/x86_64-linux-gnu/11/:/usr/lib/gcc/x86_64-linux-gnu/11/../../../x86_64-linux-gnu/:/usr/lib/gcc/x86_64-linux-gnu/11/../../../../lib/:/lib/x86_64-linux-gnu/:/lib/../lib/:/usr/lib/x86_64-linux-gnu/:/usr/lib/../lib/:/usr/lib/gcc/x86_64-linux-gnu/11/../../../:/lib/:/usr/lib/
COLLECT_GCC_OPTIONS='-v' '-o' 'cmTC_73065' '-mtune=generic' '-march=x86-64' '-dumpdir' 'cmTC_73065.'
 /usr/lib/gcc/x86_64-linux-gnu/11/collect2 -plugin /usr/lib/gcc/x86_64-linux-gnu/11/liblto_plugin.so -plugin-opt=/usr/lib/gcc/x86_64-linux-gnu/11/lto-wrapper -plugin-opt=-fresolution=/tmp/cc5DzvzG.res -plugin-opt=-pass-through=-lgcc -plugin-opt=-pass-through=-lgcc_s -plugin-opt=-pass-through=-lc -plugin-opt=-pass-through=-lgcc -plugin-opt=-pass-through=-lgcc_s --build-id --eh-frame-hdr -m elf_x86_64 --hash-style=gnu --as-needed -dynamic-linker /lib64/ld-linux-x86-64.so.2 -pie -z now -z relro -o cmTC_73065 /usr/lib/gcc/x86_64-linux-gnu/11/../../../x86_64-linux-gnu/Scrt1.o /usr/lib/gcc/x86_64-linux-gnu/11/../../../x86_64-linux-gnu/crti.o /usr/lib/gcc/x86_64-linux-gnu/11/crtbeginS.o -L/usr/lib/gcc/x86_64-linux-gnu/11 -L/usr/lib/gcc/x86_64-linux-gnu/11/../../../x86_64-linux-gnu -L/usr/lib/gcc/x86_64-linux-gnu/11/../../../../lib -L/lib/x86_64-linux-gnu -L/lib/../lib -L/usr/lib/x86_64-linux-gnu -L/usr/lib/../lib -L/usr/lib/gcc/x86_64-linux-gnu/11/../../.. CMakeFiles/cmTC_73065.dir/CMakeCCompilerABI.c.o -lgcc --push-state --as-needed -lgcc_s --pop-state -lc -lgcc --push-state --as-needed -lgcc_s --pop-state /usr/lib/gcc/x86_64-linux-gnu/11/crtendS.o /usr/lib/gcc/x86_64-linux-gnu/11/../../../x86_64-linux-gnu/crtn.o
COLLECT_GCC_OPTIONS='-v' '-o' 'cmTC_73065' '-mtune=generic' '-march=x86-64' '-dumpdir' 'cmTC_73065.'
make[1]: Leaving directory '/mnt/c/Users/hyunc/simonhelpme/build/CMakeFiles/CMakeTmp'



Parsed C implicit include dir info from above output: rv=done
  found start of include info
  found start of implicit include info
    add: [/usr/lib/gcc/x86_64-linux-gnu/11/include]
    add: [/usr/local/include]
    add: [/usr/include/x86_64-linux-gnu]
    add: [/usr/include]
  end of search list found
  collapse include dir [/usr/lib/gcc/x86_64-linux-gnu/11/include] ==> [/usr/lib/gcc/x86_64-linux-gnu/11/include]
  collapse include dir [/usr/local/include] ==> [/usr/local/include]
  collapse include dir [/usr/include/x86_64-linux-gnu] ==> [/usr/include/x86_64-linux-gnu]
  collapse include dir [/usr/include] ==> [/usr/include]
  implicit include dirs: [/usr/lib/gcc/x86_64-linux-gnu/11/include;/usr/local/include;/usr/include/x86_64-linux-gnu;/usr/include]


Parsed C implicit link information from above output:
  link line regex: [^( *|.*[/\])(ld|CMAKE_LINK_STARTFILE-NOTFOUND|([^/\]+-)?ld|collect2)[^/\]*( |$)]
  ignore line: [Change Dir: /mnt/c/Users/hyunc/simonhelpme/build/CMakeFiles/CMakeTmp]
  ignore line: []
  ignore line: [Run Build Command(s):/usr/bin/make cmTC_73065/fast && /usr/bin/make -f CMakeFiles/cmTC_73065.dir/build.make CMakeFiles/cmTC_73065.dir/build]
  ignore line: [make[1]: Entering directory '/mnt/c/Users/hyunc/simonhelpme/build/CMakeFiles/CMakeTmp']
  ignore line: [Building C object CMakeFiles/cmTC_73065.dir/CMakeCCompilerABI.c.o]
  ignore line: [/usr/bin/cc   -v -o CMakeFiles/cmTC_73065.dir/CMakeCCompilerABI.c.o   -c /usr/share/cmake-3.16/Modules/CMakeCCompilerABI.c]
  ignore line: [Using built-in specs.]
  ignore line: [COLLECT_GCC=/usr/bin/cc]
  ignore line: [OFFLOAD_TARGET_NAMES=nvptx-none:amdgcn-amdhsa]
  ignore line: [OFFLOAD_TARGET_DEFAULT=1]
  ignore line: [Target: x86_64-linux-gnu]
  ignore line: [Configured with: ../src/configure -v --with-pkgversion='Ubuntu 11.4.0-2ubuntu1~20.04' --with-bugurl=file:///usr/share/doc/gcc-11/README.Bugs --enable-languages=c ada c++ go brig d fortran objc obj-c++ m2 --prefix=/usr --with-gcc-major-version-only --program-suffix=-11 --program-prefix=x86_64-linux-gnu- --enable-shared --enable-linker-build-id --libexecdir=/usr/lib --without-included-gettext --enable-threads=posix --libdir=/usr/lib --enable-nls --enable-bootstrap --enable-clocale=gnu --enable-libstdcxx-debug --enable-libstdcxx-time=yes --with-default-libstdcxx-abi=new --enable-gnu-unique-object --disable-vtable-verify --enable-plugin --enable-default-pie --with-system-zlib --enable-libphobos-checking=release --with-target-system-zlib=auto --enable-objc-gc=auto --enable-multiarch --disable-werror --enable-cet --with-arch-32=i686 --with-abi=m64 --with-multilib-list=m32 m64 mx32 --enable-multilib --with-tune=generic --enable-offload-targets=nvptx-none=/build/gcc-11-PfdVzN/gcc-11-11.4.0/debian/tmp-nvptx/usr amdgcn-amdhsa=/build/gcc-11-PfdVzN/gcc-11-11.4.0/debian/tmp-gcn/usr --without-cuda-driver --enable-checking=release --build=x86_64-linux-gnu --host=x86_64-linux-gnu --target=x86_64-linux-gnu --with-build-config=bootstrap-lto-lean --enable-link-serialization=2]
  ignore line: [Thread model: posix]
  ignore line: [Supported LTO compression algorithms: zlib zstd]
  ignore line: [gcc version 11.4.0 (Ubuntu 11.4.0-2ubuntu1~20.04) ]
  ignore line: [COLLECT_GCC_OPTIONS='-v' '-o' 'CMakeFiles/cmTC_73065.dir/CMakeCCompilerABI.c.o' '-c' '-mtune=generic' '-march=x86-64' '-dumpdir' 'CMakeFiles/cmTC_73065.dir/']
  ignore line: [ /usr/lib/gcc/x86_64-linux-gnu/11/cc1 -quiet -v -imultiarch x86_64-linux-gnu /usr/share/cmake-3.16/Modules/CMakeCCompilerABI.c -quiet -dumpdir CMakeFiles/cmTC_73065.dir/ -dumpbase CMakeCCompilerABI.c.c -dumpbase-ext .c -mtune=generic -march=x86-64 -version -fasynchronous-unwind-tables -fstack-protector-strong -Wformat -Wformat-security -fstack-clash-protection -fcf-protection -o /tmp/ccU9ba5z.s]
  ignore line: [GNU C17 (Ubuntu 11.4.0-2ubuntu1~20.04) version 11.4.0 (x86_64-linux-gnu)]
  ignore line: [	compiled by GNU C version 11.4.0  GMP version 6.2.0  MPFR version 4.0.2  MPC version 1.1.0  isl version isl-0.22.1-GMP]
  ignore line: []
  ignore line: [GGC heuristics: --param ggc-min-expand=100 --param ggc-min-heapsize=131072]
  ignore line: [ignoring nonexistent directory "/usr/local/include/x86_64-linux-gnu"]
  ignore line: [ignoring nonexistent directory "/usr/lib/gcc/x86_64-linux-gnu/11/include-fixed"]
  ignore line: [ignoring nonexistent directory "/usr/lib/gcc/x86_64-linux-gnu/11/../../../../x86_64-linux-gnu/include"]
  ignore line: [#include "..." search starts here:]
  ignore line: [#include <...> search starts here:]
  ignore line: [ /usr/lib/gcc/x86_64-linux-gnu/11/include]
  ignore line: [ /usr/local/include]
  ignore line: [ /usr/include/x86_64-linux-gnu]
  ignore line: [ /usr/include]
  ignore line: [End of search list.]
  ignore line: [GNU C17 (Ubuntu 11.4.0-2ubuntu1~20.04) version 11.4.0 (x86_64-linux-gnu)]
  ignore line: [	compiled by GNU C version 11.4.0  GMP version 6.2.0  MPFR version 4.0.2  MPC version 1.1.0  isl version isl-0.22.1-GMP]
  ignore line: []
  ignore line: [GGC heuristics: --param ggc-min-expand=100 --param ggc-min-heapsize=131072]
  ignore line: [Compiler executable checksum: 8f9b19b2e0f4e1bcfdcf0c0903bf4b52]
  ignore line: [COLLECT_GCC_OPTIONS='-v' '-o' 'CMakeFiles/cmTC_73065.dir/CMakeCCompilerABI.c.o' '-c' '-mtune=generic' '-march=x86-64' '-dumpdir' 'CMakeFiles/cmTC_73065.dir/']
  ignore line: [ as -v --64 -o CMakeFiles/cmTC_73065.dir/CMakeCCompilerABI.c.o /tmp/ccU9ba5z.s]
  ignore line: [GNU assembler version 2.34 (x86_64-linux-gnu) using BFD version (GNU Binutils for Ubuntu) 2.34]
  ignore line: [COMPILER_PATH=/usr/lib/gcc/x86_64-linux-gnu/11/:/usr/lib/gcc/x86_64-linux-gnu/11/:/usr/lib/gcc/x86_64-linux-gnu/:/usr/lib/gcc/x86_64-linux-gnu/11/:/usr/lib/gcc/x86_64-linux-gnu/]
  ignore line: [LIBRARY_PATH=/usr/lib/gcc/x86_64-linux-gnu/11/:/usr/lib/gcc/x86_64-linux-gnu/11/../../../x86_64-linux-gnu/:/usr/lib/gcc/x86_64-linux-gnu/11/../../../../lib/:/lib/x86_64-linux-gnu/:/lib/../lib/:/usr/lib/x86_64-linux-gnu/:/usr/lib/../lib/:/usr/lib/gcc/x86_64-linux-gnu/11/../../../:/lib/:/usr/lib/]
  ignore line: [COLLECT_GCC_OPTIONS='-v' '-o' 'CMakeFiles/cmTC_73065.dir/CMakeCCompilerABI.c.o' '-c' '-mtune=generic' '-march=x86-64' '-dumpdir' 'CMakeFiles/cmTC_73065.dir/CMakeCCompilerABI.c.']
  ignore line: [Linking C executable cmTC_73065]
  ignore line: [/usr/bin/cmake -E cmake_link_script CMakeFiles/cmTC_73065.dir/link.txt --verbose=1]
  ignore line: [/usr/bin/cc     -v CMakeFiles/cmTC_73065.dir/CMakeCCompilerABI.c.o  -o cmTC_73065 ]
  ignore line: [Using built-in specs.]
  ignore line: [COLLECT_GCC=/usr/bin/cc]
  ignore line: [COLLECT_LTO_WRAPPER=/usr/lib/gcc/x86_64-linux-gnu/11/lto-wrapper]
  ignore line: [OFFLOAD_TARGET_NAMES=nvptx-none:amdgcn-amdhsa]
  ignore line: [OFFLOAD_TARGET_DEFAULT=1]
  ignore line: [Target: x86_64-linux-gnu]
  ignore line: [Configured with: ../src/configure -v --with-pkgversion='Ubuntu 11.4.0-2ubuntu1~20.04' --with-bugurl=file:///usr/share/doc/gcc-11/README.Bugs --enable-languages=c ada c++ go brig d fortran objc obj-c++ m2 --prefix=/usr --with-gcc-major-version-only --program-suffix=-11 --program-prefix=x86_64-linux-gnu- --enable-shared --enable-linker-build-id --libexecdir=/usr/lib --without-included-gettext --enable-threads=posix --libdir=/usr/lib --enable-nls --enable-bootstrap --enable-clocale=gnu --enable-libstdcxx-debug --enable-libstdcxx-time=yes --with-default-libstdcxx-abi=new --enable-gnu-unique-object --disable-vtable-verify --enable-plugin --enable-default-pie --with-system-zlib --enable-libphobos-checking=release --with-target-system-zlib=auto --enable-objc-gc=auto --enable-multiarch --disable-werror --enable-cet --with-arch-32=i686 --with-abi=m64 --with-multilib-list=m32 m64 mx32 --enable-multilib --with-tune=generic --enable-offload-targets=nvptx-none=/build/gcc-11-PfdVzN/gcc-11-11.4.0/debian/tmp-nvptx/usr amdgcn-amdhsa=/build/gcc-11-PfdVzN/gcc-11-11.4.0/debian/tmp-gcn/usr --without-cuda-driver --enable-checking=release --build=x86_64-linux-gnu --host=x86_64-linux-gnu --target=x86_64-linux-gnu --with-build-config=bootstrap-lto-lean --enable-link-serialization=2]
  ignore line: [Thread model: posix]
  ignore line: [Supported LTO compression algorithms: zlib zstd]
  ignore line: [gcc version 11.4.0 (Ubuntu 11.4.0-2ubuntu1~20.04) ]
  ignore line: [COMPILER_PATH=/usr/lib/gcc/x86_64-linux-gnu/11/:/usr/lib/gcc/x86_64-linux-gnu/11/:/usr/lib/gcc/x86_64-linux-gnu/:/usr/lib/gcc/x86_64-linux-gnu/11/:/usr/lib/gcc/x86_64-linux-gnu/]
  ignore line: [LIBRARY_PATH=/usr/lib/gcc/x86_64-linux-gnu/11/:/usr/lib/gcc/x86_64-linux-gnu/11/../../../x86_64-linux-gnu/:/usr/lib/gcc/x86_64-linux-gnu/11/../../../../lib/:/lib/x86_64-linux-gnu/:/lib/../lib/:/usr/lib/x86_64-linux-gnu/:/usr/lib/../lib/:/usr/lib/gcc/x86_64-linux-gnu/11/../../../:/lib/:/usr/lib/]
  ignore line: [COLLECT_GCC_OPTIONS='-v' '-o' 'cmTC_73065' '-mtune=generic' '-march=x86-64' '-dumpdir' 'cmTC_73065.']
  link line: [ /usr/lib/gcc/x86_64-linux-gnu/11/collect2 -plugin /usr/lib/gcc/x86_64-linux-gnu/11/liblto_plugin.so -plugin-opt=/usr/lib/gcc/x86_64-linux-gnu/11/lto-wrapper -plugin-opt=-fresolution=/tmp/cc5DzvzG.res -plugin-opt=-pass-through=-lgcc -plugin-opt=-pass-through=-lgcc_s -plugin-opt=-pass-through=-lc -plugin-opt=-pass-through=-lgcc -plugin-opt=-pass-through=-lgcc_s --build-id --eh-frame-hdr -m elf_x86_64 --hash-style=gnu --as-needed -dynamic-linker /lib64/ld-linux-x86-64.so.2 -pie -z now -z relro -o cmTC_73065 /usr/lib/gcc/x86_64-linux-gnu/11/../../../x86_64-linux-gnu/Scrt1.o /usr/lib/gcc/x86_64-linux-gnu/11/../../../x86_64-linux-gnu/crti.o /usr/lib/gcc/x86_64-linux-gnu/11/crtbeginS.o -L/usr/lib/gcc/x86_64-linux-gnu/11 -L/usr/lib/gcc/x86_64-linux-gnu/11/../../../x86_64-linux-gnu -L/usr/lib/gcc/x86_64-linux-gnu/11/../../../../lib -L/lib/x86_64-linux-gnu -L/lib/../lib -L/usr/lib/x86_64-linux-gnu -L/usr/lib/../lib -L/usr/lib/gcc/x86_64-linux-gnu/11/../../.. CMakeFiles/cmTC_73065.dir/CMakeCCompilerABI.c.o -lgcc --push-state --as-needed -lgcc_s --pop-state -lc -lgcc --push-state --as-needed -lgcc_s --pop-state /usr/lib/gcc/x86_64-linux-gnu/11/crtendS.o /usr/lib/gcc/x86_64-linux-gnu/11/../../../x86_64-linux-gnu/crtn.o]
    arg [/usr/lib/gcc/x86_64-linux-gnu/11/collect2] ==> ignore
    arg [-plugin] ==> ignore
    arg [/usr/lib/gcc/x86_64-linux-gnu/11/liblto_plugin.so] ==> ignore
    arg [-plugin-opt=/usr/lib/gcc/x86_64-linux-gnu/11/lto-wrapper] ==> ignore
    arg [-plugin-opt=-fresolution=/tmp/cc5DzvzG.res] ==> ignore
    arg [-plugin-opt=-pass-through=-lgcc] ==> ignore
    arg [-plugin-opt=-pass-through=-lgcc_s] ==> ignore
    arg [-plugin-opt=-pass-through=-lc] ==> ignore
    arg [-plugin-opt=-pass-through=-lgcc] ==> ignore
    arg [-plugin-opt=-pass-through=-lgcc_s] ==> ignore
    arg [--build-id] ==> ignore
    arg [--eh-frame-hdr] ==> ignore
    arg [-m] ==> ignore
    arg [elf_x86_64] ==> ignore
    arg [--hash-style=gnu] ==> ignore
    arg [--as-needed] ==> ignore
    arg [-dynamic-linker] ==> ignore
    arg [/lib64/ld-linux-x86-64.so.2] ==> ignore
    arg [-pie] ==> ignore
    arg [-znow] ==> ignore
    arg [-zrelro] ==> ignore
    arg [-o] ==> ignore
    arg [cmTC_73065] ==> ignore
    arg [/usr/lib/gcc/x86_64-linux-gnu/11/../../../x86_64-linux-gnu/Scrt1.o] ==> ignore
    arg [/usr/lib/gcc/x86_64-linux-gnu/11/../../../x86_64-linux-gnu/crti.o] ==> ignore
    arg [/usr/lib/gcc/x86_64-linux-gnu/11/crtbeginS.o] ==> ignore
    arg [-L/usr/lib/gcc/x86_64-linux-gnu/11] ==> dir [/usr/lib/gcc/x86_64-linux-gnu/11]
    arg [-L/usr/lib/gcc/x86_64-linux-gnu/11/../../../x86_64-linux-gnu] ==> dir [/usr/lib/gcc/x86_64-linux-gnu/11/../../../x86_64-linux-gnu]
    arg [-L/usr/lib/gcc/x86_64-linux-gnu/11/../../../../lib] ==> dir [/usr/lib/gcc/x86_64-linux-gnu/11/../../../../lib]
    arg [-L/lib/x86_64-linux-gnu] ==> dir [/lib/x86_64-linux-gnu]
    arg [-L/lib/../lib] ==> dir [/lib/../lib]
    arg [-L/usr/lib/x86_64-linux-gnu] ==> dir [/usr/lib/x86_64-linux-gnu]
    arg [-L/usr/lib/../lib] ==> dir [/usr/lib/../lib]
    arg [-L/usr/lib/gcc/x86_64-linux-gnu/11/../../..] ==> dir [/usr/lib/gcc/x86_64-linux-gnu/11/../../..]
    arg [CMakeFiles/cmTC_73065.dir/CMakeCCompilerABI.c.o] ==> ignore
    arg [-lgcc] ==> lib [gcc]
    arg [--push-state] ==> ignore
    arg [--as-needed] ==> ignore
    arg [-lgcc_s] ==> lib [gcc_s]
    arg [--pop-state] ==> ignore
    arg [-lc] ==> lib [c]
    arg [-lgcc] ==> lib [gcc]
    arg [--push-state] ==> ignore
    arg [--as-needed] ==> ignore
    arg [-lgcc_s] ==> lib [gcc_s]
    arg [--pop-state] ==> ignore
    arg [/usr/lib/gcc/x86_64-linux-gnu/11/crtendS.o] ==> ignore
    arg [/usr/lib/gcc/x86_64-linux-gnu/11/../../../x86_64-linux-gnu/crtn.o] ==> ignore
  collapse library dir [/usr/lib/gcc/x86_64-linux-gnu/11] ==> [/usr/lib/gcc/x86_64-linux-gnu/11]
  collapse library dir [/usr/lib/gcc/x86_64-linux-gnu/11/../../../x86_64-linux-gnu] ==> [/usr/lib/x86_64-linux-gnu]
  collapse library dir [/usr/lib/gcc/x86_64-linux-gnu/11/../../../../lib] ==> [/usr/lib]
  collapse library dir [/lib/x86_64-linux-gnu] ==> [/lib/x86_64-linux-gnu]
  collapse library dir [/lib/../lib] ==> [/lib]
  collapse library dir [/usr/lib/x86_64-linux-gnu] ==> [/usr/lib/x86_64-linux-gnu]
  collapse library dir [/usr/lib/../lib] ==> [/usr/lib]
  collapse library dir [/usr/lib/gcc/x86_64-linux-gnu/11/../../..] ==> [/usr/lib]
  implicit libs: [gcc;gcc_s;c;gcc;gcc_s]
  implicit dirs: [/usr/lib/gcc/x86_64-linux-gnu/11;/usr/lib/x86_64-linux-gnu;/usr/lib;/lib/x86_64-linux-gnu;/lib]
  implicit fwks: []


Determining if the CXX compiler works passed with the following output:
Change Dir: /mnt/c/Users/hyunc/simonhelpme/build/CMakeFiles/CMakeTmp

Run Build Command(s):/usr/bin/make cmTC_26f12/fast && /usr/bin/make -f CMakeFiles/cmTC_26f12.dir/build.make CMakeFiles/cmTC_26f12.dir/build
make[1]: Entering directory '/mnt/c/Users/hyunc/simonhelpme/build/CMakeFiles/CMakeTmp'
Building CXX object CMakeFiles/cmTC_26f12.dir/testCXXCompiler.cxx.o
/usr/bin/c++     -o CMakeFiles/cmTC_26f12.dir/testCXXCompiler.cxx.o -c /mnt/c/Users/hyunc/simonhelpme/build/CMakeFiles/CMakeTmp/testCXXCompiler.cxx
Linking CXX executable cmTC_26f12
/usr/bin/cmake -E cmake_link_script CMakeFiles/cmTC_26f12.dir/link.txt --verbose=1
/usr/bin/c++       CMakeFiles/cmTC_26f12.dir/testCXXCompiler.cxx.o  -o cmTC_26f12 
make[1]: Leaving directory '/mnt/c/Users/hyunc/simonhelpme/build/CMakeFiles/CMakeTmp'



Detecting CXX compiler ABI info compiled with the following output:
Change Dir: /mnt/c/Users/hyunc/simonhelpme/build/CMakeFiles/CMakeTmp

Run Build Command(s):/usr/bin/make cmTC_14741/fast && /usr/bin/make -f CMakeFiles/cmTC_14741.dir/build.make CMakeFiles/cmTC_14741.dir/build
make[1]: Entering directory '/mnt/c/Users/hyunc/simonhelpme/build/CMakeFiles/CMakeTmp'
Building CXX object CMakeFiles/cmTC_14741.dir/CMakeCXXCompilerABI.cpp.o
/usr/bin/c++    -v -o CMakeFiles/cmTC_14741.dir/CMakeCXXCompilerABI.cpp.o -c /usr/share/cmake-3.16/Modules/CMakeCXXCompilerABI.cpp
Using built-in specs.
COLLECT_GCC=/usr/bin/c++
OFFLOAD_TARGET_NAMES=nvptx-none:amdgcn-amdhsa
OFFLOAD_TARGET_DEFAULT=1
Target: x86_64-linux-gnu
Configured with: ../src/configure -v --with-pkgversion='Ubuntu 11.4.0-2ubuntu1~20.04' --with-bugurl=file:///usr/share/doc/gcc-11/README.Bugs --enable-languages=c,ada,c++,go,brig,d,fortran,objc,obj-c++,m2 --prefix=/usr --with-gcc-major-version-only --program-suffix=-11 --program-prefix=x86_64-linux-gnu- --enable-shared --enable-linker-build-id --libexecdir=/usr/lib --without-included-gettext --enable-threads=posix --libdir=/usr/lib --enable-nls --enable-bootstrap --enable-clocale=gnu --enable-libstdcxx-debug --enable-libstdcxx-time=yes --with-default-libstdcxx-abi=new --enable-gnu-unique-object --disable-vtable-verify --enable-plugin --enable-default-pie --with-system-zlib --enable-libphobos-checking=release --with-target-system-zlib=auto --enable-objc-gc=auto --enable-multiarch --disable-werror --enable-cet --with-arch-32=i686 --with-abi=m64 --with-multilib-list=m32,m64,mx32 --enable-multilib --with-tune=generic --enable-offload-targets=nvptx-none=/build/gcc-11-PfdVzN/gcc-11-11.4.0/debian/tmp-nvptx/usr,amdgcn-amdhsa=/build/gcc-11-PfdVzN/gcc-11-11.4.0/debian/tmp-gcn/usr --without-cuda-driver --enable-checking=release --build=x86_64-linux-gnu --host=x86_64-linux-gnu --target=x86_64-linux-gnu --with-build-config=bootstrap-lto-lean --enable-link-serialization=2
Thread model: posix
Supported LTO compression algorithms: zlib zstd
gcc version 11.4.0 (Ubuntu 11.4.0-2ubuntu1~20.04) 
COLLECT_GCC_OPTIONS='-v' '-o' 'CMakeFiles/cmTC_14741.dir/CMakeCXXCompilerABI.cpp.o' '-c' '-shared-libgcc' '-mtune=generic' '-march=x86-64' '-dumpdir' 'CMakeFiles/cmTC_14741.dir/'
 /usr/lib/gcc/x86_64-linux-gnu/11/cc1plus -quiet -v -imultiarch x86_64-linux-gnu -D_GNU_SOURCE /usr/share/cmake-3.16/Modules/CMakeCXXCompilerABI.cpp -quiet -dumpdir CMakeFiles/cmTC_14741.dir/ -dumpbase CMakeCXXCompilerABI.cpp.cpp -dumpbase-ext .cpp -mtune=generic -march=x86-64 -version -fasynchronous-unwind-tables -fstack-protector-strong -Wformat -Wformat-security -fstack-clash-protection -fcf-protection -o /tmp/cclfRNu4.s
GNU C++17 (Ubuntu 11.4.0-2ubuntu1~20.04) version 11.4.0 (x86_64-linux-gnu)
	compiled by GNU C version 11.4.0, GMP version 6.2.0, MPFR version 4.0.2, MPC version 1.1.0, isl version isl-0.22.1-GMP

GGC heuristics: --param ggc-min-expand=100 --param ggc-min-heapsize=131072
ignoring duplicate directory "/usr/include/x86_64-linux-gnu/c++/11"
ignoring nonexistent directory "/usr/local/include/x86_64-linux-gnu"
ignoring nonexistent directory "/usr/lib/gcc/x86_64-linux-gnu/11/include-fixed"
ignoring nonexistent directory "/usr/lib/gcc/x86_64-linux-gnu/11/../../../../x86_64-linux-gnu/include"
#include "..." search starts here:
#include <...> search starts here:
 /usr/include/c++/11
 /usr/include/x86_64-linux-gnu/c++/11
 /usr/include/c++/11/backward
 /usr/lib/gcc/x86_64-linux-gnu/11/include
 /usr/local/include
 /usr/include/x86_64-linux-gnu
 /usr/include
End of search list.
GNU C++17 (Ubuntu 11.4.0-2ubuntu1~20.04) version 11.4.0 (x86_64-linux-gnu)
	compiled by GNU C version 11.4.0, GMP version 6.2.0, MPFR version 4.0.2, MPC version 1.1.0, isl version isl-0.22.1-GMP

GGC heuristics: --param ggc-min-expand=100 --param ggc-min-heapsize=131072
Compiler executable checksum: 9a55a23eecc346a189dae569855eff82
COLLECT_GCC_OPTIONS='-v' '-o' 'CMakeFiles/cmTC_14741.dir/CMakeCXXCompilerABI.cpp.o' '-c' '-shared-libgcc' '-mtune=generic' '-march=x86-64' '-dumpdir' 'CMakeFiles/cmTC_14741.dir/'
 as -v --64 -o CMakeFiles/cmTC_14741.dir/CMakeCXXCompilerABI.cpp.o /tmp/cclfRNu4.s
GNU assembler version 2.34 (x86_64-linux-gnu) using BFD version (GNU Binutils for Ubuntu) 2.34
COMPILER_PATH=/usr/lib/gcc/x86_64-linux-gnu/11/:/usr/lib/gcc/x86_64-linux-gnu/11/:/usr/lib/gcc/x86_64-linux-gnu/:/usr/lib/gcc/x86_64-linux-gnu/11/:/usr/lib/gcc/x86_64-linux-gnu/
LIBRARY_PATH=/usr/lib/gcc/x86_64-linux-gnu/11/:/usr/lib/gcc/x86_64-linux-gnu/11/../../../x86_64-linux-gnu/:/usr/lib/gcc/x86_64-linux-gnu/11/../../../../lib/:/lib/x86_64-linux-gnu/:/lib/../lib/:/usr/lib/x86_64-linux-gnu/:/usr/lib/../lib/:/usr/lib/gcc/x86_64-linux-gnu/11/../../../:/lib/:/usr/lib/
COLLECT_GCC_OPTIONS='-v' '-o' 'CMakeFiles/cmTC_14741.dir/CMakeCXXCompilerABI.cpp.o' '-c' '-shared-libgcc' '-mtune=generic' '-march=x86-64' '-dumpdir' 'CMakeFiles/cmTC_14741.dir/CMakeCXXCompilerABI.cpp.'
Linking CXX executable cmTC_14741
/usr/bin/cmake -E cmake_link_script CMakeFiles/cmTC_14741.dir/link.txt --verbose=1
/usr/bin/c++      -v CMakeFiles/cmTC_14741.dir/CMakeCXXCompilerABI.cpp.o  -o cmTC_14741 
Using built-in specs.
COLLECT_GCC=/usr/bin/c++
COLLECT_LTO_WRAPPER=/usr/lib/gcc/x86_64-linux-gnu/11/lto-wrapper
OFFLOAD_TARGET_NAMES=nvptx-none:amdgcn-amdhsa
OFFLOAD_TARGET_DEFAULT=1
Target: x86_64-linux-gnu
Configured with: ../src/configure -v --with-pkgversion='Ubuntu 11.4.0-2ubuntu1~20.04' --with-bugurl=file:///usr/share/doc/gcc-11/README.Bugs --enable-languages=c,ada,c++,go,brig,d,fortran,objc,obj-c++,m2 --prefix=/usr --with-gcc-major-version-only --program-suffix=-11 --program-prefix=x86_64-linux-gnu- --enable-shared --enable-linker-build-id --libexecdir=/usr/lib --without-included-gettext --enable-threads=posix --libdir=/usr/lib --enable-nls --enable-bootstrap --enable-clocale=gnu --enable-libstdcxx-debug --enable-libstdcxx-time=yes --with-default-libstdcxx-abi=new --enable-gnu-unique-object --disable-vtable-verify --enable-plugin --enable-default-pie --with-system-zlib --enable-libphobos-checking=release --with-target-system-zlib=auto --enable-objc-gc=auto --enable-multiarch --disable-werror --enable-cet --with-arch-32=i686 --with-abi=m64 --with-multilib-list=m32,m64,mx32 --enable-multilib --with-tune=generic --enable-offload-targets=nvptx-none=/build/gcc-11-PfdVzN/gcc-11-11.4.0/debian/tmp-nvptx/usr,amdgcn-amdhsa=/build/gcc-11-PfdVzN/gcc-11-11.4.0/debian/tmp-gcn/usr --without-cuda-driver --enable-checking=release --build=x86_64-linux-gnu --host=x86_64-linux-gnu --target=x86_64-linux-gnu --with-build-config=bootstrap-lto-lean --enable-link-serialization=2
Thread model: posix
Supported LTO compression algorithms: zlib zstd
gcc version 11.4.0 (Ubuntu 11.4.0-2ubuntu1~20.04) 
COMPILER_PATH=/usr/lib/gcc/x86_64-linux-gnu/11/:/usr/lib/gcc/x86_64-linux-gnu/11/:/usr/lib/gcc/x86_64-linux-gnu/:/usr/lib/gcc/x86_64-linux-gnu/11/:/usr/lib/gcc/x86_64-linux-gnu/
LIBRARY_PATH=/usr/lib/gcc/x86_64-linux-gnu/11/:/usr/lib/gcc/x86_64-linux-gnu/11/../../../x86_64-linux-gnu/:/usr/lib/gcc/x86_64-linux-gnu/11/../../../../lib/:/lib/x86_64-linux-gnu/:/lib/../lib/:/usr/lib/x86_64-linux-gnu/:/usr/lib/../lib/:/usr/lib/gcc/x86_64-linux-gnu/11/../../../:/lib/:/usr/lib/
COLLECT_GCC_OPTIONS='-v' '-o' 'cmTC_14741' '-shared-libgcc' '-mtune=generic' '-march=x86-64' '-dumpdir' 'cmTC_14741.'
 /usr/lib/gcc/x86_64-linux-gnu/11/collect2 -plugin /usr/lib/gcc/x86_64-linux-gnu/11/liblto_plugin.so -plugin-opt=/usr/lib/gcc/x86_64-linux-gnu/11/lto-wrapper -plugin-opt=-fresolution=/tmp/ccpUyhbz.res -plugin-opt=-pass-through=-lgcc_s -plugin-opt=-pass-through=-lgcc -plugin-opt=-pass-through=-lc -plugin-opt=-pass-through=-lgcc_s -plugin-opt=-pass-through=-lgcc --build-id --eh-frame-hdr -m elf_x86_64 --hash-style=gnu --as-needed -dynamic-linker /lib64/ld-linux-x86-64.so.2 -pie -z now -z relro -o cmTC_14741 /usr/lib/gcc/x86_64-linux-gnu/11/../../../x86_64-linux-gnu/Scrt1.o /usr/lib/gcc/x86_64-linux-gnu/11/../../../x86_64-linux-gnu/crti.o /usr/lib/gcc/x86_64-linux-gnu/11/crtbeginS.o -L/usr/lib/gcc/x86_64-linux-gnu/11 -L/usr/lib/gcc/x86_64-linux-gnu/11/../../../x86_64-linux-gnu -L/usr/lib/gcc/x86_64-linux-gnu/11/../../../../lib -L/lib/x86_64-linux-gnu -L/lib/../lib -L/usr/lib/x86_64-linux-gnu -L/usr/lib/../lib -L/usr/lib/gcc/x86_64-linux-gnu/11/../../.. CMakeFiles/cmTC_14741.dir/CMakeCXXCompilerABI.cpp.o -lstdc++ -lm -lgcc_s -lgcc -lc -lgcc_s -lgcc /usr/lib/gcc/x86_64-linux-gnu/11/crtendS.o /usr/lib/gcc/x86_64-linux-gnu/11/../../../x86_64-linux-gnu/crtn.o
COLLECT_GCC_OPTIONS='-v' '-o' 'cmTC_14741' '-shared-libgcc' '-mtune=generic' '-march=x86-64' '-dumpdir' 'cmTC_14741.'
make[1]: Leaving directory '/mnt/c/Users/hyunc/simonhelpme/build/CMakeFiles/CMakeTmp'



Parsed CXX implicit include dir info from above output: rv=done
  found start of include info
  found start of implicit include info
    add: [/usr/include/c++/11]
    add: [/usr/include/x86_64-linux-gnu/c++/11]
    add: [/usr/include/c++/11/backward]
    add: [/usr/lib/gcc/x86_64-linux-gnu/11/include]
    add: [/usr/local/include]
    add: [/usr/include/x86_64-linux-gnu]
    add: [/usr/include]
  end of search list found
  collapse include dir [/usr/include/c++/11] ==> [/usr/include/c++/11]
  collapse include dir [/usr/include/x86_64-linux-gnu/c++/11] ==> [/usr/include/x86_64-linux-gnu/c++/11]
  collapse include dir [/usr/include/c++/11/backward] ==> [/usr/include/c++/11/backward]
  collapse include dir [/usr/lib/gcc/x86_64-linux-gnu/11/include] ==> [/usr/lib/gcc/x86_64-linux-gnu/11/include]
  collapse include dir [/usr/local/include] ==> [/usr/local/include]
  collapse include dir [/usr/include/x86_64-linux-gnu] ==> [/usr/include/x86_64-linux-gnu]
  collapse include dir [/usr/include] ==> [/usr/include]
  implicit include dirs: [/usr/include/c++/11;/usr/include/x86_64-linux-gnu/c++/11;/usr/include/c++/11/backward;/usr/lib/gcc/x86_64-linux-gnu/11/include;/usr/local/include;/usr/include/x86_64-linux-gnu;/usr/include]


Parsed CXX implicit link information from above output:
  link line regex: [^( *|.*[/\])(ld|CMAKE_LINK_STARTFILE-NOTFOUND|([^/\]+-)?ld|collect2)[^/\]*( |$)]
  ignore line: [Change Dir: /mnt/c/Users/hyunc/simonhelpme/build/CMakeFiles/CMakeTmp]
  ignore line: []
  ignore line: [Run Build Command(s):/usr/bin/make cmTC_14741/fast && /usr/bin/make -f CMakeFiles/cmTC_14741.dir/build.make CMakeFiles/cmTC_14741.dir/build]
  ignore line: [make[1]: Entering directory '/mnt/c/Users/hyunc/simonhelpme/build/CMakeFiles/CMakeTmp']
  ignore line: [Building CXX object CMakeFiles/cmTC_14741.dir/CMakeCXXCompilerABI.cpp.o]
  ignore line: [/usr/bin/c++    -v -o CMakeFiles/cmTC_14741.dir/CMakeCXXCompilerABI.cpp.o -c /usr/share/cmake-3.16/Modules/CMakeCXXCompilerABI.cpp]
  ignore line: [Using built-in specs.]
  ignore line: [COLLECT_GCC=/usr/bin/c++]
  ignore line: [OFFLOAD_TARGET_NAMES=nvptx-none:amdgcn-amdhsa]
  ignore line: [OFFLOAD_TARGET_DEFAULT=1]
  ignore line: [Target: x86_64-linux-gnu]
  ignore line: [Configured with: ../src/configure -v --with-pkgversion='Ubuntu 11.4.0-2ubuntu1~20.04' --with-bugurl=file:///usr/share/doc/gcc-11/README.Bugs --enable-languages=c ada c++ go brig d fortran objc obj-c++ m2 --prefix=/usr --with-gcc-major-version-only --program-suffix=-11 --program-prefix=x86_64-linux-gnu- --enable-shared --enable-linker-build-id --libexecdir=/usr/lib --without-included-gettext --enable-threads=posix --libdir=/usr/lib --enable-nls --enable-bootstrap --enable-clocale=gnu --enable-libstdcxx-debug --enable-libstdcxx-time=yes --with-default-libstdcxx-abi=new --enable-gnu-unique-object --disable-vtable-verify --enable-plugin --enable-default-pie --with-system-zlib --enable-libphobos-checking=release --with-target-system-zlib=auto --enable-objc-gc=auto --enable-multiarch --disable-werror --enable-cet --with-arch-32=i686 --with-abi=m64 --with-multilib-list=m32 m64 mx32 --enable-multilib --with-tune=generic --enable-offload-targets=nvptx-none=/build/gcc-11-PfdVzN/gcc-11-11.4.0/debian/tmp-nvptx/usr amdgcn-amdhsa=/build/gcc-11-PfdVzN/gcc-11-11.4.0/debian/tmp-gcn/usr --without-cuda-driver --enable-checking=release --build=x86_64-linux-gnu --host=x86_64-linux-gnu --target=x86_64-linux-gnu --with-build-config=bootstrap-lto-lean --enable-link-serialization=2]
  ignore line: [Thread model: posix]
  ignore line: [Supported LTO compression algorithms: zlib zstd]
  ignore line: [gcc version 11.4.0 (Ubuntu 11.4.0-2ubuntu1~20.04) ]
  ignore line: [COLLECT_GCC_OPTIONS='-v' '-o' 'CMakeFiles/cmTC_14741.dir/CMakeCXXCompilerABI.cpp.o' '-c' '-shared-libgcc' '-mtune=generic' '-march=x86-64' '-dumpdir' 'CMakeFiles/cmTC_14741.dir/']
  ignore line: [ /usr/lib/gcc/x86_64-linux-gnu/11/cc1plus -quiet -v -imultiarch x86_64-linux-gnu -D_GNU_SOURCE /usr/share/cmake-3.16/Modules/CMakeCXXCompilerABI.cpp -quiet -dumpdir CMakeFiles/cmTC_14741.dir/ -dumpbase CMakeCXXCompilerABI.cpp.cpp -dumpbase-ext .cpp -mtune=generic -march=x86-64 -version -fasynchronous-unwind-tables -fstack-protector-strong -Wformat -Wformat-security -fstack-clash-protection -fcf-protection -o /tmp/cclfRNu4.s]
  ignore line: [GNU C++17 (Ubuntu 11.4.0-2ubuntu1~20.04) version 11.4.0 (x86_64-linux-gnu)]
  ignore line: [	compiled by GNU C version 11.4.0  GMP version 6.2.0  MPFR version 4.0.2  MPC version 1.1.0  isl version isl-0.22.1-GMP]
  ignore line: []
  ignore line: [GGC heuristics: --param ggc-min-expand=100 --param ggc-min-heapsize=131072]
  ignore line: [ignoring duplicate directory "/usr/include/x86_64-linux-gnu/c++/11"]
  ignore line: [ignoring nonexistent directory "/usr/local/include/x86_64-linux-gnu"]
  ignore line: [ignoring nonexistent directory "/usr/lib/gcc/x86_64-linux-gnu/11/include-fixed"]
  ignore line: [ignoring nonexistent directory "/usr/lib/gcc/x86_64-linux-gnu/11/../../../../x86_64-linux-gnu/include"]
  ignore line: [#include "..." search starts here:]
  ignore line: [#include <...> search starts here:]
  ignore line: [ /usr/include/c++/11]
  ignore line: [ /usr/include/x86_64-linux-gnu/c++/11]
  ignore line: [ /usr/include/c++/11/backward]
  ignore line: [ /usr/lib/gcc/x86_64-linux-gnu/11/include]
  ignore line: [ /usr/local/include]
  ignore line: [ /usr/include/x86_64-linux-gnu]
  ignore line: [ /usr/include]
  ignore line: [End of search list.]
  ignore line: [GNU C++17 (Ubuntu 11.4.0-2ubuntu1~20.04) version 11.4.0 (x86_64-linux-gnu)]
  ignore line: [	compiled by GNU C version 11.4.0  GMP version 6.2.0  MPFR version 4.0.2  MPC version 1.1.0  isl version isl-0.22.1-GMP]
  ignore line: []
  ignore line: [GGC heuristics: --param ggc-min-expand=100 --param ggc-min-heapsize=131072]
  ignore line: [Compiler executable checksum: 9a55a23eecc346a189dae569855eff82]
  ignore line: [COLLECT_GCC_OPTIONS='-v' '-o' 'CMakeFiles/cmTC_14741.dir/CMakeCXXCompilerABI.cpp.o' '-c' '-shared-libgcc' '-mtune=generic' '-march=x86-64' '-dumpdir' 'CMakeFiles/cmTC_14741.dir/']
  ignore line: [ as -v --64 -o CMakeFiles/cmTC_14741.dir/CMakeCXXCompilerABI.cpp.o /tmp/cclfRNu4.s]
  ignore line: [GNU assembler version 2.34 (x86_64-linux-gnu) using BFD version (GNU Binutils for Ubuntu) 2.34]
  ignore line: [COMPILER_PATH=/usr/lib/gcc/x86_64-linux-gnu/11/:/usr/lib/gcc/x86_64-linux-gnu/11/:/usr/lib/gcc/x86_64-linux-gnu/:/usr/lib/gcc/x86_64-linux-gnu/11/:/usr/lib/gcc/x86_64-linux-gnu/]
  ignore line: [LIBRARY_PATH=/usr/lib/gcc/x86_64-linux-gnu/11/:/usr/lib/gcc/x86_64-linux-gnu/11/../../../x86_64-linux-gnu/:/usr/lib/gcc/x86_64-linux-gnu/11/../../../../lib/:/lib/x86_64-linux-gnu/:/lib/../lib/:/usr/lib/x86_64-linux-gnu/:/usr/lib/../lib/:/usr/lib/gcc/x86_64-linux-gnu/11/../../../:/lib/:/usr/lib/]
  ignore line: [COLLECT_GCC_OPTIONS='-v' '-o' 'CMakeFiles/cmTC_14741.dir/CMakeCXXCompilerABI.cpp.o' '-c' '-shared-libgcc' '-mtune=generic' '-march=x86-64' '-dumpdir' 'CMakeFiles/cmTC_14741.dir/CMakeCXXCompilerABI.cpp.']
  ignore line: [Linking CXX executable cmTC_14741]
  ignore line: [/usr/bin/cmake -E cmake_link_script CMakeFiles/cmTC_14741.dir/link.txt --verbose=1]
  ignore line: [/usr/bin/c++      -v CMakeFiles/cmTC_14741.dir/CMakeCXXCompilerABI.cpp.o  -o cmTC_14741 ]
  ignore line: [Using built-in specs.]
  ignore line: [COLLECT_GCC=/usr/bin/c++]
  ignore line: [COLLECT_LTO_WRAPPER=/usr/lib/gcc/x86_64-linux-gnu/11/lto-wrapper]
  ignore line: [OFFLOAD_TARGET_NAMES=nvptx-none:amdgcn-amdhsa]
  ignore line: [OFFLOAD_TARGET_DEFAULT=1]
  ignore line: [Target: x86_64-linux-gnu]
  ignore line: [Configured with: ../src/configure -v --with-pkgversion='Ubuntu 11.4.0-2ubuntu1~20.04' --with-bugurl=file:///usr/share/doc/gcc-11/README.Bugs --enable-languages=c ada c++ go brig d fortran objc obj-c++ m2 --prefix=/usr --with-gcc-major-version-only --program-suffix=-11 --program-prefix=x86_64-linux-gnu- --enable-shared --enable-linker-build-id --libexecdir=/usr/lib --without-included-gettext --enable-threads=posix --libdir=/usr/lib --enable-nls --enable-bootstrap --enable-clocale=gnu --enable-libstdcxx-debug --enable-libstdcxx-time=yes --with-default-libstdcxx-abi=new --enable-gnu-unique-object --disable-vtable-verify --enable-plugin --enable-default-pie --with-system-zlib --enable-libphobos-checking=release --with-target-system-zlib=auto --enable-objc-gc=auto --enable-multiarch --disable-werror --enable-cet --with-arch-32=i686 --with-abi=m64 --with-multilib-list=m32 m64 mx32 --enable-multilib --with-tune=generic --enable-offload-targets=nvptx-none=/build/gcc-11-PfdVzN/gcc-11-11.4.0/debian/tmp-nvptx/usr amdgcn-amdhsa=/build/gcc-11-PfdVzN/gcc-11-11.4.0/debian/tmp-gcn/usr --without-cuda-driver --enable-checking=release --build=x86_64-linux-gnu --host=x86_64-linux-gnu --target=x86_64-linux-gnu --with-build-config=bootstrap-lto-lean --enable-link-serialization=2]
  ignore line: [Thread model: posix]
  ignore line: [Supported LTO compression algorithms: zlib zstd]
  ignore line: [gcc version 11.4.0 (Ubuntu 11.4.0-2ubuntu1~20.04) ]
  ignore line: [COMPILER_PATH=/usr/lib/gcc/x86_64-linux-gnu/11/:/usr/lib/gcc/x86_64-linux-gnu/11/:/usr/lib/gcc/x86_64-linux-gnu/:/usr/lib/gcc/x86_64-linux-gnu/11/:/usr/lib/gcc/x86_64-linux-gnu/]
  ignore line: [LIBRARY_PATH=/usr/lib/gcc/x86_64-linux-gnu/11/:/usr/lib/gcc/x86_64-linux-gnu/11/../../../x86_64-linux-gnu/:/usr/lib/gcc/x86_64-linux-gnu/11/../../../../lib/:/lib/x86_64-linux-gnu/:/lib/../lib/:/usr/lib/x86_64-linux-gnu/:/usr/lib/../lib/:/usr/lib/gcc/x86_64-linux-gnu/11/../../../:/lib/:/usr/lib/]
  ignore line: [COLLECT_GCC_OPTIONS='-v' '-o' 'cmTC_14741' '-shared-libgcc' '-mtune=generic' '-march=x86-64' '-dumpdir' 'cmTC_14741.']
  link line: [ /usr/lib/gcc/x86_64-linux-gnu/11/collect2 -plugin /usr/lib/gcc/x86_64-linux-gnu/11/liblto_plugin.so -plugin-opt=/usr/lib/gcc/x86_64-linux-gnu/11/lto-wrapper -plugin-opt=-fresolution=/tmp/ccpUyhbz.res -plugin-opt=-pass-through=-lgcc_s -plugin-opt=-pass-through=-lgcc -plugin-opt=-pass-through=-lc -plugin-opt=-pass-through=-lgcc_s -plugin-opt=-pass-through=-lgcc --build-id --eh-frame-hdr -m elf_x86_64 --hash-style=gnu --as-needed -dynamic-linker /lib64/ld-linux-x86-64.so.2 -pie -z now -z relro -o cmTC_14741 /usr/lib/gcc/x86_64-linux-gnu/11/../../../x86_64-linux-gnu/Scrt1.o /usr/lib/gcc/x86_64-linux-gnu/11/../../../x86_64-linux-gnu/crti.o /usr/lib/gcc/x86_64-linux-gnu/11/crtbeginS.o -L/usr/lib/gcc/x86_64-linux-gnu/11 -L/usr/lib/gcc/x86_64-linux-gnu/11/../../../x86_64-linux-gnu -L/usr/lib/gcc/x86_64-linux-gnu/11/../../../../lib -L/lib/x86_64-linux-gnu -L/lib/../lib -L/usr/lib/x86_64-linux-gnu -L/usr/lib/../lib -L/usr/lib/gcc/x86_64-linux-gnu/11/../../.. CMakeFiles/cmTC_14741.dir/CMakeCXXCompilerABI.cpp.o -lstdc++ -lm -lgcc_s -lgcc -lc -lgcc_s -lgcc /usr/lib/gcc/x86_64-linux-gnu/11/crtendS.o /usr/lib/gcc/x86_64-linux-gnu/11/../../../x86_64-linux-gnu/crtn.o]
    arg [/usr/lib/gcc/x86_64-linux-gnu/11/collect2] ==> ignore
    arg [-plugin] ==> ignore
    arg [/usr/lib/gcc/x86_64-linux-gnu/11/liblto_plugin.so] ==> ignore
    arg [-plugin-opt=/usr/lib/gcc/x86_64-linux-gnu/11/lto-wrapper] ==> ignore
    arg [-plugin-opt=-fresolution=/tmp/ccpUyhbz.res] ==> ignore
    arg [-plugin-opt=-pass-through=-lgcc_s] ==> ignore
    arg [-plugin-opt=-pass-through=-lgcc] ==> ignore
    arg [-plugin-opt=-pass-through=-lc] ==> ignore
    arg [-plugin-opt=-pass-through=-lgcc_s] ==> ignore
    arg [-plugin-opt=-pass-through=-lgcc] ==> ignore
    arg [--build-id] ==> ignore
    arg [--eh-frame-hdr] ==> ignore
    arg [-m] ==> ignore
    arg [elf_x86_64] ==> ignore
    arg [--hash-style=gnu] ==> ignore
    arg [--as-needed] ==> ignore
    arg [-dynamic-linker] ==> ignore
    arg [/lib64/ld-linux-x86-64.so.2] ==> ignore
    arg [-pie] ==> ignore
    arg [-znow] ==> ignore
    arg [-zrelro] ==> ignore
    arg [-o] ==> ignore
    arg [cmTC_14741] ==> ignore
    arg [/usr/lib/gcc/x86_64-linux-gnu/11/../../../x86_64-linux-gnu/Scrt1.o] ==> ignore
    arg [/usr/lib/gcc/x86_64-linux-gnu/11/../../../x86_64-linux-gnu/crti.o] ==> ignore
    arg [/usr/lib/gcc/x86_64-linux-gnu/11/crtbeginS.o] ==> ignore
    arg [-L/usr/lib/gcc/x86_64-linux-gnu/11] ==> dir [/usr/lib/gcc/x86_64-linux-gnu/11]
    arg [-L/usr/lib/gcc/x86_64-linux-gnu/11/../../../x86_64-linux-gnu] ==> dir [/usr/lib/gcc/x86_64-linux-gnu/11/../../../x86_64-linux-gnu]
    arg [-L/usr/lib/gcc/x86_64-linux-gnu/11/../../../../lib] ==> dir [/usr/lib/gcc/x86_64-linux-gnu/11/../../../../lib]
    arg [-L/lib/x86_64-linux-gnu] ==> dir [/lib/x86_64-linux-gnu]
    arg [-L/lib/../lib] ==> dir [/lib/../lib]
    arg [-L/usr/lib/x86_64-linux-gnu] ==> dir [/usr/lib/x86_64-linux-gnu]
    arg [-L/usr/lib/../lib] ==> dir [/usr/lib/../lib]
    arg [-L/usr/lib/gcc/x86_64-linux-gnu/11/../../..] ==> dir [/usr/lib/gcc/x86_64-linux-gnu/11/../../..]
    arg [CMakeFiles/cmTC_14741.dir/CMakeCXXCompilerABI.cpp.o] ==> ignore
    arg [-lstdc++] ==> lib [stdc++]
    arg [-lm] ==> lib [m]
    arg [-lgcc_s] ==> lib [gcc_s]
    arg [-lgcc] ==> lib [gcc]
    arg [-lc] ==> lib [c]
    arg [-lgcc_s] ==> lib [gcc_s]
    arg [-lgcc] ==> lib [gcc]
    arg [/usr/lib/gcc/x86_64-linux-gnu/11/crtendS.o] ==> ignore
    arg [/usr/lib/gcc/x86_64-linux-gnu/11/../../../x86_64-linux-gnu/crtn.o] ==> ignore
  collapse library dir [/usr/lib/gcc/x86_64-linux-gnu/11] ==> [/usr/lib/gcc/x86_64-linux-gnu/11]
  collapse library dir [/usr/lib/gcc/x86_64-linux-gnu/11/../../../x86_64-linux-gnu] ==> [/usr/lib/x86_64-linux-gnu]
  collapse library dir [/usr/lib/gcc/x86_64-linux-gnu/11/../../../../lib] ==> [/usr/lib]
  collapse library dir [/lib/x86_64-linux-gnu] ==> [/lib/x86_64-linux-gnu]
  collapse library dir [/lib/../lib] ==> [/lib]
  collapse library dir [/usr/lib/x86_64-linux-gnu] ==> [/usr/lib/x86_64-linux-gnu]
  collapse library dir [/usr/lib/../lib] ==> [/usr/lib]
  collapse library dir [/usr/lib/gcc/x86_64-linux-gnu/11/../../..] ==> [/usr/lib]
  implicit libs: [stdc++;m;gcc_s;gcc;c;gcc_s;gcc]
  implicit dirs: [/usr/lib/gcc/x86_64-linux-gnu/11;/usr/lib/x86_64-linux-gnu;/usr/lib;/lib/x86_64-linux-gnu;/lib]
  implicit fwks: []


Performing C++ SOURCE FILE Test CPP20_FLAG_STD20 succeeded with the following output:
Change Dir: /mnt/c/Users/hyunc/simonhelpme/build/CMakeFiles/CMakeTmp

Run Build Command(s):/usr/bin/make cmTC_2736a/fast && /usr/bin/make -f CMakeFiles/cmTC_2736a.dir/build.make CMakeFiles/cmTC_2736a.dir/build
make[1]: Entering directory '/mnt/c/Users/hyunc/simonhelpme/build/CMakeFiles/CMakeTmp'
Building CXX object CMakeFiles/cmTC_2736a.dir/src.cxx.o
/usr/bin/c++   -I/mnt/c/Users/hyunc/simonhelpme/lib/seqan3/include -I/mnt/c/Users/hyunc/simonhelpme/lib/seqan3/submodules/sdsl-lite/include -I/mnt/c/Users/hyunc/simonhelpme/lib/seqan3/submodules/cereal/include  -DCPP20_FLAG_STD20  -std=c++20   -o CMakeFiles/cmTC_2736a.dir/src.cxx.o -c /mnt/c/Users/hyunc/simonhelpme/build/CMakeFiles/CMakeTmp/src.cxx
Linking CXX executable cmTC_2736a
/usr/bin/cmake -E cmake_link_script CMakeFiles/cmTC_2736a.dir/link.txt --verbose=1
/usr/bin/c++   -DCPP20_FLAG_STD20  -std=c++20    CMakeFiles/cmTC_2736a.dir/src.cxx.o  -o cmTC_2736a 
make[1]: Leaving directory '/mnt/c/Users/hyunc/simonhelpme/build/CMakeFiles/CMakeTmp'


Source file was:
#if !defined (__cplusplus) || (__cplusplus < 202002L)
      #error NOCXX20
      #endif
      int main() {}
Determining if the include file pthread.h exists passed with the following output:
Change Dir: /mnt/c/Users/hyunc/simonhelpme/build/CMakeFiles/CMakeTmp

Run Build Command(s):/usr/bin/make cmTC_877a8/fast && /usr/bin/make -f CMakeFiles/cmTC_877a8.dir/build.make CMakeFiles/cmTC_877a8.dir/build
make[1]: Entering directory '/mnt/c/Users/hyunc/simonhelpme/build/CMakeFiles/CMakeTmp'
Building C object CMakeFiles/cmTC_877a8.dir/CheckIncludeFile.c.o
/usr/bin/cc  -I/mnt/c/Users/hyunc/simonhelpme/lib/seqan3/include -I/mnt/c/Users/hyunc/simonhelpme/lib/seqan3/submodules/sdsl-lite/include -I/mnt/c/Users/hyunc/simonhelpme/lib/seqan3/submodules/cereal/include   -o CMakeFiles/cmTC_877a8.dir/CheckIncludeFile.c.o   -c /mnt/c/Users/hyunc/simonhelpme/build/CMakeFiles/CMakeTmp/CheckIncludeFile.c
Linking C executable cmTC_877a8
/usr/bin/cmake -E cmake_link_script CMakeFiles/cmTC_877a8.dir/link.txt --verbose=1
/usr/bin/cc      CMakeFiles/cmTC_877a8.dir/CheckIncludeFile.c.o  -o cmTC_877a8 
make[1]: Leaving directory '/mnt/c/Users/hyunc/simonhelpme/build/CMakeFiles/CMakeTmp'



Determining if the include file sdsl/version.hpp exists passed with the following output:
Change Dir: /mnt/c/Users/hyunc/simonhelpme/build/CMakeFiles/CMakeTmp

Run Build Command(s):/usr/bin/make cmTC_5c6a6/fast && /usr/bin/make -f CMakeFiles/cmTC_5c6a6.dir/build.make CMakeFiles/cmTC_5c6a6.dir/build
make[1]: Entering directory '/mnt/c/Users/hyunc/simonhelpme/build/CMakeFiles/CMakeTmp'
Building CXX object CMakeFiles/cmTC_5c6a6.dir/CheckIncludeFile.cxx.o
/usr/bin/c++   -I/mnt/c/Users/hyunc/simonhelpme/lib/seqan3/include -I/mnt/c/Users/hyunc/simonhelpme/lib/seqan3/submodules/sdsl-lite/include -I/mnt/c/Users/hyunc/simonhelpme/lib/seqan3/submodules/cereal/include   -o CMakeFiles/cmTC_5c6a6.dir/CheckIncludeFile.cxx.o -c /mnt/c/Users/hyunc/simonhelpme/build/CMakeFiles/CMakeTmp/CheckIncludeFile.cxx
Linking CXX executable cmTC_5c6a6
/usr/bin/cmake -E cmake_link_script CMakeFiles/cmTC_5c6a6.dir/link.txt --verbose=1
/usr/bin/c++       CMakeFiles/cmTC_5c6a6.dir/CheckIncludeFile.cxx.o  -o cmTC_5c6a6 
make[1]: Leaving directory '/mnt/c/Users/hyunc/simonhelpme/build/CMakeFiles/CMakeTmp'



Determining if the include file cereal/cereal.hpp exists passed with the following output:
Change Dir: /mnt/c/Users/hyunc/simonhelpme/build/CMakeFiles/CMakeTmp

Run Build Command(s):/usr/bin/make cmTC_4817b/fast && /usr/bin/make -f CMakeFiles/cmTC_4817b.dir/build.make CMakeFiles/cmTC_4817b.dir/build
make[1]: Entering directory '/mnt/c/Users/hyunc/simonhelpme/build/CMakeFiles/CMakeTmp'
Building CXX object CMakeFiles/cmTC_4817b.dir/CheckIncludeFile.cxx.o
/usr/bin/c++   -I/mnt/c/Users/hyunc/simonhelpme/lib/seqan3/include -I/mnt/c/Users/hyunc/simonhelpme/lib/seqan3/submodules/sdsl-lite/include -I/mnt/c/Users/hyunc/simonhelpme/lib/seqan3/submodules/cereal/include   -o CMakeFiles/cmTC_4817b.dir/CheckIncludeFile.cxx.o -c /mnt/c/Users/hyunc/simonhelpme/build/CMakeFiles/CMakeTmp/CheckIncludeFile.cxx
Linking CXX executable cmTC_4817b
/usr/bin/cmake -E cmake_link_script CMakeFiles/cmTC_4817b.dir/link.txt --verbose=1
/usr/bin/c++       CMakeFiles/cmTC_4817b.dir/CheckIncludeFile.cxx.o  -o cmTC_4817b 
make[1]: Leaving directory '/mnt/c/Users/hyunc/simonhelpme/build/CMakeFiles/CMakeTmp'



Determining if the include file execinfo.h exists passed with the following output:
Change Dir: /mnt/c/Users/hyunc/simonhelpme/build/CMakeFiles/CMakeTmp

Run Build Command(s):/usr/bin/make cmTC_0eadd/fast && /usr/bin/make -f CMakeFiles/cmTC_0eadd.dir/build.make CMakeFiles/cmTC_0eadd.dir/build
make[1]: Entering directory '/mnt/c/Users/hyunc/simonhelpme/build/CMakeFiles/CMakeTmp'
Building CXX object CMakeFiles/cmTC_0eadd.dir/CheckIncludeFile.cxx.o
/usr/bin/c++   -I/mnt/c/Users/hyunc/simonhelpme/lib/seqan3/include -I/mnt/c/Users/hyunc/simonhelpme/lib/seqan3/submodules/sdsl-lite/include -I/mnt/c/Users/hyunc/simonhelpme/lib/seqan3/submodules/cereal/include   -o CMakeFiles/cmTC_0eadd.dir/CheckIncludeFile.cxx.o -c /mnt/c/Users/hyunc/simonhelpme/build/CMakeFiles/CMakeTmp/CheckIncludeFile.cxx
Linking CXX executable cmTC_0eadd
/usr/bin/cmake -E cmake_link_script CMakeFiles/cmTC_0eadd.dir/link.txt --verbose=1
/usr/bin/c++       CMakeFiles/cmTC_0eadd.dir/CheckIncludeFile.cxx.o  -o cmTC_0eadd 
make[1]: Leaving directory '/mnt/c/Users/hyunc/simonhelpme/build/CMakeFiles/CMakeTmp'



Performing C SOURCE FILE Test HAVE_GCC_WALL succeeded with the following output:
Change Dir: /mnt/c/Users/hyunc/simonhelpme/build/CMakeFiles/CMakeTmp

Run Build Command(s):/usr/bin/make cmTC_5ba4f/fast && /usr/bin/make -f CMakeFiles/cmTC_5ba4f.dir/build.make CMakeFiles/cmTC_5ba4f.dir/build
make[1]: Entering directory '/mnt/c/Users/hyunc/simonhelpme/build/CMakeFiles/CMakeTmp'
Building C object CMakeFiles/cmTC_5ba4f.dir/src.c.o
/usr/bin/cc  -I/mnt/c/Users/hyunc/simonhelpme/lib/seqan3/include -I/mnt/c/Users/hyunc/simonhelpme/lib/seqan3/submodules/sdsl-lite/include -I/mnt/c/Users/hyunc/simonhelpme/lib/seqan3/submodules/cereal/include  -DHAVE_GCC_WALL -Wall   -o CMakeFiles/cmTC_5ba4f.dir/src.c.o   -c /mnt/c/Users/hyunc/simonhelpme/build/CMakeFiles/CMakeTmp/src.c
Linking C executable cmTC_5ba4f
/usr/bin/cmake -E cmake_link_script CMakeFiles/cmTC_5ba4f.dir/link.txt --verbose=1
/usr/bin/cc  -DHAVE_GCC_WALL -Wall    CMakeFiles/cmTC_5ba4f.dir/src.c.o  -o cmTC_5ba4f 
make[1]: Leaving directory '/mnt/c/Users/hyunc/simonhelpme/build/CMakeFiles/CMakeTmp'


Source file was:
int main() { return 0; }
Performing C SOURCE FILE Test HAVE_GCC_FOMIT_FRAME_POINTER succeeded with the following output:
Change Dir: /mnt/c/Users/hyunc/simonhelpme/build/CMakeFiles/CMakeTmp

Run Build Command(s):/usr/bin/make cmTC_b6b92/fast && /usr/bin/make -f CMakeFiles/cmTC_b6b92.dir/build.make CMakeFiles/cmTC_b6b92.dir/build
make[1]: Entering directory '/mnt/c/Users/hyunc/simonhelpme/build/CMakeFiles/CMakeTmp'
Building C object CMakeFiles/cmTC_b6b92.dir/src.c.o
/usr/bin/cc  -I/mnt/c/Users/hyunc/simonhelpme/lib/seqan3/include -I/mnt/c/Users/hyunc/simonhelpme/lib/seqan3/submodules/sdsl-lite/include -I/mnt/c/Users/hyunc/simonhelpme/lib/seqan3/submodules/cereal/include  -Wall -DHAVE_GCC_FOMIT_FRAME_POINTER -fomit-frame-pointer   -o CMakeFiles/cmTC_b6b92.dir/src.c.o   -c /mnt/c/Users/hyunc/simonhelpme/build/CMakeFiles/CMakeTmp/src.c
Linking C executable cmTC_b6b92
/usr/bin/cmake -E cmake_link_script CMakeFiles/cmTC_b6b92.dir/link.txt --verbose=1
/usr/bin/cc  -Wall -DHAVE_GCC_FOMIT_FRAME_POINTER -fomit-frame-pointer    CMakeFiles/cmTC_b6b92.dir/src.c.o  -o cmTC_b6b92 
make[1]: Leaving directory '/mnt/c/Users/hyunc/simonhelpme/build/CMakeFiles/CMakeTmp'


Source file was:
int main() { return 0; }
Determining if the include file inttypes.h exists passed with the following output:
Change Dir: /mnt/c/Users/hyunc/simonhelpme/build/CMakeFiles/CMakeTmp

Run Build Command(s):/usr/bin/make cmTC_ddaa1/fast && /usr/bin/make -f CMakeFiles/cmTC_ddaa1.dir/build.make CMakeFiles/cmTC_ddaa1.dir/build
make[1]: Entering directory '/mnt/c/Users/hyunc/simonhelpme/build/CMakeFiles/CMakeTmp'
Building C object CMakeFiles/cmTC_ddaa1.dir/CheckIncludeFile.c.o
/usr/bin/cc  -I/mnt/c/Users/hyunc/simonhelpme/lib/seqan3/include -I/mnt/c/Users/hyunc/simonhelpme/lib/seqan3/submodules/sdsl-lite/include -I/mnt/c/Users/hyunc/simonhelpme/lib/seqan3/submodules/cereal/include  -Wall    -o CMakeFiles/cmTC_ddaa1.dir/CheckIncludeFile.c.o   -c /mnt/c/Users/hyunc/simonhelpme/build/CMakeFiles/CMakeTmp/CheckIncludeFile.c
Linking C executable cmTC_ddaa1
/usr/bin/cmake -E cmake_link_script CMakeFiles/cmTC_ddaa1.dir/link.txt --verbose=1
/usr/bin/cc  -Wall     CMakeFiles/cmTC_ddaa1.dir/CheckIncludeFile.c.o  -o cmTC_ddaa1 
make[1]: Leaving directory '/mnt/c/Users/hyunc/simonhelpme/build/CMakeFiles/CMakeTmp'



Determining if the include file memory.h exists passed with the following output:
Change Dir: /mnt/c/Users/hyunc/simonhelpme/build/CMakeFiles/CMakeTmp

Run Build Command(s):/usr/bin/make cmTC_071de/fast && /usr/bin/make -f CMakeFiles/cmTC_071de.dir/build.make CMakeFiles/cmTC_071de.dir/build
make[1]: Entering directory '/mnt/c/Users/hyunc/simonhelpme/build/CMakeFiles/CMakeTmp'
Building C object CMakeFiles/cmTC_071de.dir/CheckIncludeFile.c.o
/usr/bin/cc  -I/mnt/c/Users/hyunc/simonhelpme/lib/seqan3/include -I/mnt/c/Users/hyunc/simonhelpme/lib/seqan3/submodules/sdsl-lite/include -I/mnt/c/Users/hyunc/simonhelpme/lib/seqan3/submodules/cereal/include  -Wall    -o CMakeFiles/cmTC_071de.dir/CheckIncludeFile.c.o   -c /mnt/c/Users/hyunc/simonhelpme/build/CMakeFiles/CMakeTmp/CheckIncludeFile.c
Linking C executable cmTC_071de
/usr/bin/cmake -E cmake_link_script CMakeFiles/cmTC_071de.dir/link.txt --verbose=1
/usr/bin/cc  -Wall     CMakeFiles/cmTC_071de.dir/CheckIncludeFile.c.o  -o cmTC_071de 
make[1]: Leaving directory '/mnt/c/Users/hyunc/simonhelpme/build/CMakeFiles/CMakeTmp'



Determining if the include file stddef.h exists passed with the following output:
Change Dir: /mnt/c/Users/hyunc/simonhelpme/build/CMakeFiles/CMakeTmp

Run Build Command(s):/usr/bin/make cmTC_8576a/fast && /usr/bin/make -f CMakeFiles/cmTC_8576a.dir/build.make CMakeFiles/cmTC_8576a.dir/build
make[1]: Entering directory '/mnt/c/Users/hyunc/simonhelpme/build/CMakeFiles/CMakeTmp'
Building C object CMakeFiles/cmTC_8576a.dir/CheckIncludeFile.c.o
/usr/bin/cc  -I/mnt/c/Users/hyunc/simonhelpme/lib/seqan3/include -I/mnt/c/Users/hyunc/simonhelpme/lib/seqan3/submodules/sdsl-lite/include -I/mnt/c/Users/hyunc/simonhelpme/lib/seqan3/submodules/cereal/include  -Wall    -o CMakeFiles/cmTC_8576a.dir/CheckIncludeFile.c.o   -c /mnt/c/Users/hyunc/simonhelpme/build/CMakeFiles/CMakeTmp/CheckIncludeFile.c
Linking C executable cmTC_8576a
/usr/bin/cmake -E cmake_link_script CMakeFiles/cmTC_8576a.dir/link.txt --verbose=1
/usr/bin/cc  -Wall     CMakeFiles/cmTC_8576a.dir/CheckIncludeFile.c.o  -o cmTC_8576a 
make[1]: Leaving directory '/mnt/c/Users/hyunc/simonhelpme/build/CMakeFiles/CMakeTmp'



Determining if the include file stdint.h exists passed with the following output:
Change Dir: /mnt/c/Users/hyunc/simonhelpme/build/CMakeFiles/CMakeTmp

Run Build Command(s):/usr/bin/make cmTC_87884/fast && /usr/bin/make -f CMakeFiles/cmTC_87884.dir/build.make CMakeFiles/cmTC_87884.dir/build
make[1]: Entering directory '/mnt/c/Users/hyunc/simonhelpme/build/CMakeFiles/CMakeTmp'
Building C object CMakeFiles/cmTC_87884.dir/CheckIncludeFile.c.o
/usr/bin/cc  -I/mnt/c/Users/hyunc/simonhelpme/lib/seqan3/include -I/mnt/c/Users/hyunc/simonhelpme/lib/seqan3/submodules/sdsl-lite/include -I/mnt/c/Users/hyunc/simonhelpme/lib/seqan3/submodules/cereal/include  -Wall    -o CMakeFiles/cmTC_87884.dir/CheckIncludeFile.c.o   -c /mnt/c/Users/hyunc/simonhelpme/build/CMakeFiles/CMakeTmp/CheckIncludeFile.c
Linking C executable cmTC_87884
/usr/bin/cmake -E cmake_link_script CMakeFiles/cmTC_87884.dir/link.txt --verbose=1
/usr/bin/cc  -Wall     CMakeFiles/cmTC_87884.dir/CheckIncludeFile.c.o  -o cmTC_87884 
make[1]: Leaving directory '/mnt/c/Users/hyunc/simonhelpme/build/CMakeFiles/CMakeTmp'



Determining if the include file stdlib.h exists passed with the following output:
Change Dir: /mnt/c/Users/hyunc/simonhelpme/build/CMakeFiles/CMakeTmp

Run Build Command(s):/usr/bin/make cmTC_01d2f/fast && /usr/bin/make -f CMakeFiles/cmTC_01d2f.dir/build.make CMakeFiles/cmTC_01d2f.dir/build
make[1]: Entering directory '/mnt/c/Users/hyunc/simonhelpme/build/CMakeFiles/CMakeTmp'
Building C object CMakeFiles/cmTC_01d2f.dir/CheckIncludeFile.c.o
/usr/bin/cc  -I/mnt/c/Users/hyunc/simonhelpme/lib/seqan3/include -I/mnt/c/Users/hyunc/simonhelpme/lib/seqan3/submodules/sdsl-lite/include -I/mnt/c/Users/hyunc/simonhelpme/lib/seqan3/submodules/cereal/include  -Wall    -o CMakeFiles/cmTC_01d2f.dir/CheckIncludeFile.c.o   -c /mnt/c/Users/hyunc/simonhelpme/build/CMakeFiles/CMakeTmp/CheckIncludeFile.c
Linking C executable cmTC_01d2f
/usr/bin/cmake -E cmake_link_script CMakeFiles/cmTC_01d2f.dir/link.txt --verbose=1
/usr/bin/cc  -Wall     CMakeFiles/cmTC_01d2f.dir/CheckIncludeFile.c.o  -o cmTC_01d2f 
make[1]: Leaving directory '/mnt/c/Users/hyunc/simonhelpme/build/CMakeFiles/CMakeTmp'



Determining if the include file string.h exists passed with the following output:
Change Dir: /mnt/c/Users/hyunc/simonhelpme/build/CMakeFiles/CMakeTmp

Run Build Command(s):/usr/bin/make cmTC_2c276/fast && /usr/bin/make -f CMakeFiles/cmTC_2c276.dir/build.make CMakeFiles/cmTC_2c276.dir/build
make[1]: Entering directory '/mnt/c/Users/hyunc/simonhelpme/build/CMakeFiles/CMakeTmp'
Building C object CMakeFiles/cmTC_2c276.dir/CheckIncludeFile.c.o
/usr/bin/cc  -I/mnt/c/Users/hyunc/simonhelpme/lib/seqan3/include -I/mnt/c/Users/hyunc/simonhelpme/lib/seqan3/submodules/sdsl-lite/include -I/mnt/c/Users/hyunc/simonhelpme/lib/seqan3/submodules/cereal/include  -Wall    -o CMakeFiles/cmTC_2c276.dir/CheckIncludeFile.c.o   -c /mnt/c/Users/hyunc/simonhelpme/build/CMakeFiles/CMakeTmp/CheckIncludeFile.c
Linking C executable cmTC_2c276
/usr/bin/cmake -E cmake_link_script CMakeFiles/cmTC_2c276.dir/link.txt --verbose=1
/usr/bin/cc  -Wall     CMakeFiles/cmTC_2c276.dir/CheckIncludeFile.c.o  -o cmTC_2c276 
make[1]: Leaving directory '/mnt/c/Users/hyunc/simonhelpme/build/CMakeFiles/CMakeTmp'



Determining if the include file strings.h exists passed with the following output:
Change Dir: /mnt/c/Users/hyunc/simonhelpme/build/CMakeFiles/CMakeTmp

Run Build Command(s):/usr/bin/make cmTC_fec2e/fast && /usr/bin/make -f CMakeFiles/cmTC_fec2e.dir/build.make CMakeFiles/cmTC_fec2e.dir/build
make[1]: Entering directory '/mnt/c/Users/hyunc/simonhelpme/build/CMakeFiles/CMakeTmp'
Building C object CMakeFiles/cmTC_fec2e.dir/CheckIncludeFile.c.o
/usr/bin/cc  -I/mnt/c/Users/hyunc/simonhelpme/lib/seqan3/include -I/mnt/c/Users/hyunc/simonhelpme/lib/seqan3/submodules/sdsl-lite/include -I/mnt/c/Users/hyunc/simonhelpme/lib/seqan3/submodules/cereal/include  -Wall    -o CMakeFiles/cmTC_fec2e.dir/CheckIncludeFile.c.o   -c /mnt/c/Users/hyunc/simonhelpme/build/CMakeFiles/CMakeTmp/CheckIncludeFile.c
Linking C executable cmTC_fec2e
/usr/bin/cmake -E cmake_link_script CMakeFiles/cmTC_fec2e.dir/link.txt --verbose=1
/usr/bin/cc  -Wall     CMakeFiles/cmTC_fec2e.dir/CheckIncludeFile.c.o  -o cmTC_fec2e 
make[1]: Leaving directory '/mnt/c/Users/hyunc/simonhelpme/build/CMakeFiles/CMakeTmp'



Determining if the include file sys/types.h exists passed with the following output:
Change Dir: /mnt/c/Users/hyunc/simonhelpme/build/CMakeFiles/CMakeTmp

Run Build Command(s):/usr/bin/make cmTC_61c64/fast && /usr/bin/make -f CMakeFiles/cmTC_61c64.dir/build.make CMakeFiles/cmTC_61c64.dir/build
make[1]: Entering directory '/mnt/c/Users/hyunc/simonhelpme/build/CMakeFiles/CMakeTmp'
Building C object CMakeFiles/cmTC_61c64.dir/CheckIncludeFile.c.o
/usr/bin/cc  -I/mnt/c/Users/hyunc/simonhelpme/lib/seqan3/include -I/mnt/c/Users/hyunc/simonhelpme/lib/seqan3/submodules/sdsl-lite/include -I/mnt/c/Users/hyunc/simonhelpme/lib/seqan3/submodules/cereal/include  -Wall    -o CMakeFiles/cmTC_61c64.dir/CheckIncludeFile.c.o   -c /mnt/c/Users/hyunc/simonhelpme/build/CMakeFiles/CMakeTmp/CheckIncludeFile.c
Linking C executable cmTC_61c64
/usr/bin/cmake -E cmake_link_script CMakeFiles/cmTC_61c64.dir/link.txt --verbose=1
/usr/bin/cc  -Wall     CMakeFiles/cmTC_61c64.dir/CheckIncludeFile.c.o  -o cmTC_61c64 
make[1]: Leaving directory '/mnt/c/Users/hyunc/simonhelpme/build/CMakeFiles/CMakeTmp'



Performing C SOURCE FILE Test HAVE_INLINE succeeded with the following output:
Change Dir: /mnt/c/Users/hyunc/simonhelpme/build/CMakeFiles/CMakeTmp

Run Build Command(s):/usr/bin/make cmTC_168bf/fast && /usr/bin/make -f CMakeFiles/cmTC_168bf.dir/build.make CMakeFiles/cmTC_168bf.dir/build
make[1]: Entering directory '/mnt/c/Users/hyunc/simonhelpme/build/CMakeFiles/CMakeTmp'
Building C object CMakeFiles/cmTC_168bf.dir/src.c.o
/usr/bin/cc  -I/mnt/c/Users/hyunc/simonhelpme/lib/seqan3/include -I/mnt/c/Users/hyunc/simonhelpme/lib/seqan3/submodules/sdsl-lite/include -I/mnt/c/Users/hyunc/simonhelpme/lib/seqan3/submodules/cereal/include  -Wall -DHAVE_INLINE   -o CMakeFiles/cmTC_168bf.dir/src.c.o   -c /mnt/c/Users/hyunc/simonhelpme/build/CMakeFiles/CMakeTmp/src.c
Linking C executable cmTC_168bf
/usr/bin/cmake -E cmake_link_script CMakeFiles/cmTC_168bf.dir/link.txt --verbose=1
/usr/bin/cc  -Wall -DHAVE_INLINE    CMakeFiles/cmTC_168bf.dir/src.c.o  -o cmTC_168bf 
make[1]: Leaving directory '/mnt/c/Users/hyunc/simonhelpme/build/CMakeFiles/CMakeTmp'


Source file was:
inline void func(); void func() { } int main() { func(); return 0; }
Performing C SOURCE FILE Test HAVE___INLINE succeeded with the following output:
Change Dir: /mnt/c/Users/hyunc/simonhelpme/build/CMakeFiles/CMakeTmp

Run Build Command(s):/usr/bin/make cmTC_f1a41/fast && /usr/bin/make -f CMakeFiles/cmTC_f1a41.dir/build.make CMakeFiles/cmTC_f1a41.dir/build
make[1]: Entering directory '/mnt/c/Users/hyunc/simonhelpme/build/CMakeFiles/CMakeTmp'
Building C object CMakeFiles/cmTC_f1a41.dir/src.c.o
/usr/bin/cc  -I/mnt/c/Users/hyunc/simonhelpme/lib/seqan3/include -I/mnt/c/Users/hyunc/simonhelpme/lib/seqan3/submodules/sdsl-lite/include -I/mnt/c/Users/hyunc/simonhelpme/lib/seqan3/submodules/cereal/include  -Wall -DHAVE___INLINE   -o CMakeFiles/cmTC_f1a41.dir/src.c.o   -c /mnt/c/Users/hyunc/simonhelpme/build/CMakeFiles/CMakeTmp/src.c
Linking C executable cmTC_f1a41
/usr/bin/cmake -E cmake_link_script CMakeFiles/cmTC_f1a41.dir/link.txt --verbose=1
/usr/bin/cc  -Wall -DHAVE___INLINE    CMakeFiles/cmTC_f1a41.dir/src.c.o  -o cmTC_f1a41 
make[1]: Leaving directory '/mnt/c/Users/hyunc/simonhelpme/build/CMakeFiles/CMakeTmp'


Source file was:
__inline void func(); void func() { } int main() { func(); return 0; }
Performing C SOURCE FILE Test HAVE___INLINE__ succeeded with the following output:
Change Dir: /mnt/c/Users/hyunc/simonhelpme/build/CMakeFiles/CMakeTmp

Run Build Command(s):/usr/bin/make cmTC_30a40/fast && /usr/bin/make -f CMakeFiles/cmTC_30a40.dir/build.make CMakeFiles/cmTC_30a40.dir/build
make[1]: Entering directory '/mnt/c/Users/hyunc/simonhelpme/build/CMakeFiles/CMakeTmp'
Building C object CMakeFiles/cmTC_30a40.dir/src.c.o
/usr/bin/cc  -I/mnt/c/Users/hyunc/simonhelpme/lib/seqan3/include -I/mnt/c/Users/hyunc/simonhelpme/lib/seqan3/submodules/sdsl-lite/include -I/mnt/c/Users/hyunc/simonhelpme/lib/seqan3/submodules/cereal/include  -Wall -DHAVE___INLINE__   -o CMakeFiles/cmTC_30a40.dir/src.c.o   -c /mnt/c/Users/hyunc/simonhelpme/build/CMakeFiles/CMakeTmp/src.c
Linking C executable cmTC_30a40
/usr/bin/cmake -E cmake_link_script CMakeFiles/cmTC_30a40.dir/link.txt --verbose=1
/usr/bin/cc  -Wall -DHAVE___INLINE__    CMakeFiles/cmTC_30a40.dir/src.c.o  -o cmTC_30a40 
make[1]: Leaving directory '/mnt/c/Users/hyunc/simonhelpme/build/CMakeFiles/CMakeTmp'


Source file was:
__inline__ void func(); void func() { } int main() { func(); return 0; }
Determining size of uint8_t passed with the following output:
Change Dir: /mnt/c/Users/hyunc/simonhelpme/build/CMakeFiles/CMakeTmp

Run Build Command(s):/usr/bin/make cmTC_b9660/fast && /usr/bin/make -f CMakeFiles/cmTC_b9660.dir/build.make CMakeFiles/cmTC_b9660.dir/build
make[1]: Entering directory '/mnt/c/Users/hyunc/simonhelpme/build/CMakeFiles/CMakeTmp'
Building C object CMakeFiles/cmTC_b9660.dir/UINT8_T.c.o
/usr/bin/cc  -I/mnt/c/Users/hyunc/simonhelpme/lib/seqan3/include -I/mnt/c/Users/hyunc/simonhelpme/lib/seqan3/submodules/sdsl-lite/include -I/mnt/c/Users/hyunc/simonhelpme/lib/seqan3/submodules/cereal/include  -Wall    -o CMakeFiles/cmTC_b9660.dir/UINT8_T.c.o   -c /mnt/c/Users/hyunc/simonhelpme/build/CMakeFiles/CheckTypeSize/UINT8_T.c
Linking C executable cmTC_b9660
/usr/bin/cmake -E cmake_link_script CMakeFiles/cmTC_b9660.dir/link.txt --verbose=1
/usr/bin/cc  -Wall     -rdynamic CMakeFiles/cmTC_b9660.dir/UINT8_T.c.o  -o cmTC_b9660 
make[1]: Leaving directory '/mnt/c/Users/hyunc/simonhelpme/build/CMakeFiles/CMakeTmp'



Determining size of int32_t passed with the following output:
Change Dir: /mnt/c/Users/hyunc/simonhelpme/build/CMakeFiles/CMakeTmp

Run Build Command(s):/usr/bin/make cmTC_d9f12/fast && /usr/bin/make -f CMakeFiles/cmTC_d9f12.dir/build.make CMakeFiles/cmTC_d9f12.dir/build
make[1]: Entering directory '/mnt/c/Users/hyunc/simonhelpme/build/CMakeFiles/CMakeTmp'
Building C object CMakeFiles/cmTC_d9f12.dir/INT32_T.c.o
/usr/bin/cc  -I/mnt/c/Users/hyunc/simonhelpme/lib/seqan3/include -I/mnt/c/Users/hyunc/simonhelpme/lib/seqan3/submodules/sdsl-lite/include -I/mnt/c/Users/hyunc/simonhelpme/lib/seqan3/submodules/cereal/include  -Wall    -o CMakeFiles/cmTC_d9f12.dir/INT32_T.c.o   -c /mnt/c/Users/hyunc/simonhelpme/build/CMakeFiles/CheckTypeSize/INT32_T.c
Linking C executable cmTC_d9f12
/usr/bin/cmake -E cmake_link_script CMakeFiles/cmTC_d9f12.dir/link.txt --verbose=1
/usr/bin/cc  -Wall     -rdynamic CMakeFiles/cmTC_d9f12.dir/INT32_T.c.o  -o cmTC_d9f12 
make[1]: Leaving directory '/mnt/c/Users/hyunc/simonhelpme/build/CMakeFiles/CMakeTmp'



Determining if the PRId32 exist passed with the following output:
Change Dir: /mnt/c/Users/hyunc/simonhelpme/build/CMakeFiles/CMakeTmp

Run Build Command(s):/usr/bin/make cmTC_f2fdb/fast && /usr/bin/make -f CMakeFiles/cmTC_f2fdb.dir/build.make CMakeFiles/cmTC_f2fdb.dir/build
make[1]: Entering directory '/mnt/c/Users/hyunc/simonhelpme/build/CMakeFiles/CMakeTmp'
Building C object CMakeFiles/cmTC_f2fdb.dir/CheckSymbolExists.c.o
/usr/bin/cc  -I/mnt/c/Users/hyunc/simonhelpme/lib/seqan3/include -I/mnt/c/Users/hyunc/simonhelpme/lib/seqan3/submodules/sdsl-lite/include -I/mnt/c/Users/hyunc/simonhelpme/lib/seqan3/submodules/cereal/include  -Wall    -o CMakeFiles/cmTC_f2fdb.dir/CheckSymbolExists.c.o   -c /mnt/c/Users/hyunc/simonhelpme/build/CMakeFiles/CMakeTmp/CheckSymbolExists.c
Linking C executable cmTC_f2fdb
/usr/bin/cmake -E cmake_link_script CMakeFiles/cmTC_f2fdb.dir/link.txt --verbose=1
/usr/bin/cc  -Wall     -rdynamic CMakeFiles/cmTC_f2fdb.dir/CheckSymbolExists.c.o  -o cmTC_f2fdb 
make[1]: Leaving directory '/mnt/c/Users/hyunc/simonhelpme/build/CMakeFiles/CMakeTmp'


File /mnt/c/Users/hyunc/simonhelpme/build/CMakeFiles/CMakeTmp/CheckSymbolExists.c:
/* */
#include <inttypes.h>

int main(int argc, char** argv)
{
  (void)argv;
#ifndef PRId32
  return ((int*)(&PRId32))[argc];
#else
  (void)argc;
  return 0;
#endif
}
